# JRE version: Java(TM) SE Runtime Environment (8.0_31-b13) (build 1.8.0_31-b13)
# Java VM: Java HotSpot(TM) Client VM (25.31-b07 mixed mode windows-x86 )
Heap:
 def new generation   total 9792K, used 8704K [0x04200000, 0x04ca0000, 0x09750000)
  eden space 8704K, 100% used [0x04200000, 0x04a80000, 0x04a80000)
  from space 1088K,   0% used [0x04a80000, 0x04a80208, 0x04b90000)
  to   space 1088K,   0% used [0x04b90000, 0x04b90000, 0x04ca0000)
 tenured generation   total 21624K, used 20907K [0x09750000, 0x0ac6e000, 0x14200000)
   the space 21624K,  96% used [0x09750000, 0x0abbac38, 0x0abbae00, 0x0ac6e000)
 Metaspace       used 10390K, capacity 10672K, committed 10752K, reserved 11648K
GC Heap History (10 events):
Event: 51.122 GC heap before
{Heap before GC invocations=452 (full 1):
 def new generation   total 9792K, used 8704K [0x04200000, 0x04ca0000, 0x09750000)
  eden space 8704K, 100% used [0x04200000, 0x04a80000, 0x04a80000)
  from space 1088K,   0% used [0x04b90000, 0x04b90208, 0x04ca0000)
  to   space 1088K,   0% used [0x04a80000, 0x04a80000, 0x04b90000)
 tenured generation   total 21624K, used 20907K [0x09750000, 0x0ac6e000, 0x14200000)
   the space 21624K,  96% used [0x09750000, 0x0abbac38, 0x0abbae00, 0x0ac6e000)
 Metaspace       used 10390K, capacity 10672K, committed 10752K, reserved 11648K
Event: 51.123 GC heap after
Heap after GC invocations=453 (full 1):
 def new generation   total 9792K, used 0K [0x04200000, 0x04ca0000, 0x09750000)
  eden space 8704K,   0% used [0x04200000, 0x04200000, 0x04a80000)
  from space 1088K,   0% used [0x04a80000, 0x04a80208, 0x04b90000)
  to   space 1088K,   0% used [0x04b90000, 0x04b90000, 0x04ca0000)
 tenured generation   total 21624K, used 20907K [0x09750000, 0x0ac6e000, 0x14200000)
   the space 21624K,  96% used [0x09750000, 0x0abbac38, 0x0abbae00, 0x0ac6e000)
 Metaspace       used 10390K, capacity 10672K, committed 10752K, reserved 11648K
}
Event: 51.222 GC heap before
{Heap before GC invocations=453 (full 1):
 def new generation   total 9792K, used 8704K [0x04200000, 0x04ca0000, 0x09750000)
  eden space 8704K, 100% used [0x04200000, 0x04a80000, 0x04a80000)
  from space 1088K,   0% used [0x04a80000, 0x04a80380, 0x04b90000)
  to   space 1088K,   0% used [0x04b90000, 0x04b90000, 0x04ca0000)
 tenured generation   total 21624K, used 20907K [0x09750000, 0x0ac6e000, 0x14200000)
   the space 21624K,  96% used [0x09750000, 0x0abbac38, 0x0abbae00, 0x0ac6e000)
 Metaspace       used 10390K, capacity 10672K, committed 10752K, reserved 11648K
Event: 51.223 GC heap after
Heap after GC invocations=454 (full 1):
 def new generation   total 9792K, used 0K [0x04200000, 0x04ca0000, 0x09750000)
  eden space 8704K,   0% used [0x04200000, 0x04200000, 0x04a80000)
  from space 1088K,   0% used [0x04b90000, 0x04b90360, 0x04ca0000)
  to   space 1088K,   0% used [0x04a80000, 0x04a80000, 0x04b90000)
 tenured generation   total 21624K, used 20907K [0x09750000, 0x0ac6e000, 0x14200000)
   the space 21624K,  96% used [0x09750000, 0x0abbac38, 0x0abbae00, 0x0ac6e000)
 Metaspace       used 10390K, capacity 10672K, committed 10752K, reserved 11648K
}
Event: 51.372 GC heap before
{Heap before GC invocations=454 (full 1):
 def new generation   total 9792K, used 8704K [0x04200000, 0x04ca0000, 0x09750000)
  eden space 8704K, 100% used [0x04200000, 0x04a80000, 0x04a80000)
  from space 1088K,   0% used [0x04b90000, 0x04b90360, 0x04ca0000)
  to   space 1088K,   0% used [0x04a80000, 0x04a80000, 0x04b90000)
 tenured generation   total 21624K, used 20907K [0x09750000, 0x0ac6e000, 0x14200000)
   the space 21624K,  96% used [0x09750000, 0x0abbac38, 0x0abbae00, 0x0ac6e000)
 Metaspace       used 10390K, capacity 10672K, committed 10752K, reserved 11648K
Event: 51.372 GC heap after
Heap after GC invocations=455 (full 1):
 def new generation   total 9792K, used 0K [0x04200000, 0x04ca0000, 0x09750000)
  eden space 8704K,   0% used [0x04200000, 0x04200000, 0x04a80000)
  from space 1088K,   0% used [0x04a80000, 0x04a80208, 0x04b90000)
  to   space 1088K,   0% used [0x04b90000, 0x04b90000, 0x04ca0000)
 tenured generation   total 21624K, used 20907K [0x09750000, 0x0ac6e000, 0x14200000)
   the space 21624K,  96% used [0x09750000, 0x0abbac38, 0x0abbae00, 0x0ac6e000)
 Metaspace       used 10390K, capacity 10672K, committed 10752K, reserved 11648K
}
Event: 51.472 GC heap before
{Heap before GC invocations=455 (full 1):
 def new generation   total 9792K, used 8704K [0x04200000, 0x04ca0000, 0x09750000)
  eden space 8704K, 100% used [0x04200000, 0x04a80000, 0x04a80000)
  from space 1088K,   0% used [0x04a80000, 0x04a80208, 0x04b90000)
  to   space 1088K,   0% used [0x04b90000, 0x04b90000, 0x04ca0000)
 tenured generation   total 21624K, used 20907K [0x09750000, 0x0ac6e000, 0x14200000)
   the space 21624K,  96% used [0x09750000, 0x0abbac38, 0x0abbae00, 0x0ac6e000)
 Metaspace       used 10390K, capacity 10672K, committed 10752K, reserved 11648K
Event: 51.472 GC heap after
Heap after GC invocations=456 (full 1):
 def new generation   total 9792K, used 0K [0x04200000, 0x04ca0000, 0x09750000)
  eden space 8704K,   0% used [0x04200000, 0x04200000, 0x04a80000)
  from space 1088K,   0% used [0x04b90000, 0x04b90208, 0x04ca0000)
  to   space 1088K,   0% used [0x04a80000, 0x04a80000, 0x04b90000)
 tenured generation   total 21624K, used 20907K [0x09750000, 0x0ac6e000, 0x14200000)
   the space 21624K,  96% used [0x09750000, 0x0abbac38, 0x0abbae00, 0x0ac6e000)
 Metaspace       used 10390K, capacity 10672K, committed 10752K, reserved 11648K
}
Event: 51.572 GC heap before
{Heap before GC invocations=456 (full 1):
 def new generation   total 9792K, used 8704K [0x04200000, 0x04ca0000, 0x09750000)
  eden space 8704K, 100% used [0x04200000, 0x04a80000, 0x04a80000)
  from space 1088K,   0% used [0x04b90000, 0x04b90208, 0x04ca0000)
  to   space 1088K,   0% used [0x04a80000, 0x04a80000, 0x04b90000)
 tenured generation   total 21624K, used 20907K [0x09750000, 0x0ac6e000, 0x14200000)
   the space 21624K,  96% used [0x09750000, 0x0abbac38, 0x0abbae00, 0x0ac6e000)
 Metaspace       used 10390K, capacity 10672K, committed 10752K, reserved 11648K
Event: 51.573 GC heap after
Heap after GC invocations=457 (full 1):
 def new generation   total 9792K, used 0K [0x04200000, 0x04ca0000, 0x09750000)
  eden space 8704K,   0% used [0x04200000, 0x04200000, 0x04a80000)
  from space 1088K,   0% used [0x04a80000, 0x04a80208, 0x04b90000)
  to   space 1088K,   0% used [0x04b90000, 0x04b90000, 0x04ca0000)
 tenured generation   total 21624K, used 20907K [0x09750000, 0x0ac6e000, 0x14200000)
   the space 21624K,  96% used [0x09750000, 0x0abbac38, 0x0abbae00, 0x0ac6e000)
 Metaspace       used 10390K, capacity 10672K, committed 10752K, reserved 11648K
}

